<?xml version="1.0" encoding="UTF-8"?>
<!-- Generated by org.testng.reporters.JUnitReportReporter -->
<testsuite hostname="SE140907" name="com.hieutkse.testngdemo.LoginTest" tests="1" failures="0" timestamp="3 Jun 2021 03:21:54 GMT" time="1.951" errors="0">
  <testcase name="verifyIndexpageTitle" time="1.951" classname="com.hieutkse.testngdemo.LoginTest"/>
</testsuite> <!-- com.hieutkse.testngdemo.LoginTest -->
